c:\users\franc\polymtl.ca\log2400 - équipe des enseignants - general\travauxpratiques\h24\tp4\codedepart\polycalvs\x64\debug\vc142.pdb
c:\users\franc\polymtl.ca\log2400 - équipe des enseignants - general\travauxpratiques\h24\tp4\codedepart\polycalvs\x64\debug\vc142.idb
c:\users\franc\polymtl.ca\log2400 - équipe des enseignants - general\travauxpratiques\h24\tp4\codedepart\polycalvs\x64\debug\user.obj
c:\users\franc\polymtl.ca\log2400 - équipe des enseignants - general\travauxpratiques\h24\tp4\codedepart\polycalvs\x64\debug\timespan.obj
c:\users\franc\polymtl.ca\log2400 - équipe des enseignants - general\travauxpratiques\h24\tp4\codedepart\polycalvs\x64\debug\schedule.obj
c:\users\franc\polymtl.ca\log2400 - équipe des enseignants - general\travauxpratiques\h24\tp4\codedepart\polycalvs\x64\debug\recurentspan.obj
c:\users\franc\polymtl.ca\log2400 - équipe des enseignants - general\travauxpratiques\h24\tp4\codedepart\polycalvs\x64\debug\polycal-tp4.obj
c:\users\franc\polymtl.ca\log2400 - équipe des enseignants - general\travauxpratiques\h24\tp4\codedepart\polycalvs\x64\debug\pccontroler.obj
c:\users\franc\polymtl.ca\log2400 - équipe des enseignants - general\travauxpratiques\h24\tp4\codedepart\polycalvs\x64\debug\participant.obj
c:\users\franc\polymtl.ca\log2400 - équipe des enseignants - general\travauxpratiques\h24\tp4\codedepart\polycalvs\x64\debug\meeting.obj
c:\users\franc\polymtl.ca\log2400 - équipe des enseignants - general\travauxpratiques\h24\tp4\codedepart\polycalvs\x64\debug\agenda.obj
c:\users\franc\polymtl.ca\log2400 - équipe des enseignants - general\travauxpratiques\h24\tp4\codedepart\polycalvs\x64\debug\abstractspan.obj
c:\users\franc\polymtl.ca\log2400 - équipe des enseignants - general\travauxpratiques\h24\tp4\codedepart\polycalvs\x64\debug\abstractevent.obj
c:\users\franc\polymtl.ca\log2400 - équipe des enseignants - general\travauxpratiques\h24\tp4\codedepart\polycalvs\x64\debug\compositespan.obj
c:\users\franc\polymtl.ca\log2400 - équipe des enseignants - general\travauxpratiques\h24\tp4\codedepart\polycalvs\x64\debug\polycal.exe
c:\users\franc\polymtl.ca\log2400 - équipe des enseignants - general\travauxpratiques\h24\tp4\codedepart\polycalvs\x64\debug\polycal.ilk
c:\users\franc\polymtl.ca\log2400 - équipe des enseignants - general\travauxpratiques\h24\tp4\codedepart\polycalvs\x64\debug\polycal.pdb
c:\users\franc\polymtl.ca\log2400 - équipe des enseignants - general\travauxpratiques\h24\tp4\codedepart\polycalvs\x64\debug\polycal.tlog\cl.command.1.tlog
c:\users\franc\polymtl.ca\log2400 - équipe des enseignants - general\travauxpratiques\h24\tp4\codedepart\polycalvs\x64\debug\polycal.tlog\cl.read.1.tlog
c:\users\franc\polymtl.ca\log2400 - équipe des enseignants - general\travauxpratiques\h24\tp4\codedepart\polycalvs\x64\debug\polycal.tlog\cl.write.1.tlog
c:\users\franc\polymtl.ca\log2400 - équipe des enseignants - general\travauxpratiques\h24\tp4\codedepart\polycalvs\x64\debug\polycal.tlog\link.command.1.tlog
c:\users\franc\polymtl.ca\log2400 - équipe des enseignants - general\travauxpratiques\h24\tp4\codedepart\polycalvs\x64\debug\polycal.tlog\link.read.1.tlog
c:\users\franc\polymtl.ca\log2400 - équipe des enseignants - general\travauxpratiques\h24\tp4\codedepart\polycalvs\x64\debug\polycal.tlog\link.write.1.tlog
